This file contains any messages produced by compilers while
running configure, to aid debugging if configure makes a mistake.

It was created by hyphen configure 2.8.8, which was
generated by GNU Autoconf 2.69.  Invocation command line was

  $ ./configure 

## --------- ##
## Platform. ##
## --------- ##

hostname = tmac-sgx
uname -m = x86_64
uname -r = 3.19.8-ckt12
uname -s = Linux
uname -v = #8 SMP Thu May 12 14:18:23 CST 2016

/usr/bin/uname -p = unknown
/bin/uname -X     = unknown

/bin/arch              = unknown
/usr/bin/arch -k       = unknown
/usr/convex/getsysinfo = unknown
/usr/bin/hostinfo      = unknown
/bin/machine           = unknown
/usr/bin/oslevel       = unknown
/bin/universe          = unknown

PATH: /usr/local/sbin
PATH: /usr/local/bin
PATH: /usr/sbin
PATH: /usr/bin
PATH: /sbin
PATH: /bin
PATH: /usr/games
PATH: /usr/local/games


## ----------- ##
## Core tests. ##
## ----------- ##

configure:2149: checking for a BSD-compatible install
configure:2217: result: /usr/bin/install -c
configure:2228: checking whether build environment is sane
configure:2278: result: yes
configure:2419: checking for a thread-safe mkdir -p
configure:2458: result: /bin/mkdir -p
configure:2471: checking for gawk
configure:2487: found /usr/bin/gawk
configure:2498: result: gawk
configure:2509: checking whether make sets $(MAKE)
configure:2531: result: yes
configure:2659: checking for gcc
configure:2675: found /usr/bin/gcc
configure:2686: result: gcc
configure:2915: checking for C compiler version
configure:2924: gcc --version >&5
gcc (Ubuntu 4.8.4-2ubuntu1~14.04.1) 4.8.4
Copyright (C) 2013 Free Software Foundation, Inc.
This is free software; see the source for copying conditions.  There is NO
warranty; not even for MERCHANTABILITY or FITNESS FOR A PARTICULAR PURPOSE.

configure:2935: $? = 0
configure:2924: gcc -v >&5
Using built-in specs.
COLLECT_GCC=gcc
COLLECT_LTO_WRAPPER=/usr/lib/gcc/x86_64-linux-gnu/4.8/lto-wrapper
Target: x86_64-linux-gnu
Configured with: ../src/configure -v --with-pkgversion='Ubuntu 4.8.4-2ubuntu1~14.04.1' --with-bugurl=file:///usr/share/doc/gcc-4.8/README.Bugs --enable-languages=c,c++,java,go,d,fortran,objc,obj-c++ --prefix=/usr --program-suffix=-4.8 --enable-shared --enable-linker-build-id --libexecdir=/usr/lib --without-included-gettext --enable-threads=posix --with-gxx-include-dir=/usr/include/c++/4.8 --libdir=/usr/lib --enable-nls --with-sysroot=/ --enable-clocale=gnu --enable-libstdcxx-debug --enable-libstdcxx-time=yes --enable-gnu-unique-object --disable-libmudflap --enable-plugin --with-system-zlib --disable-browser-plugin --enable-java-awt=gtk --enable-gtk-cairo --with-java-home=/usr/lib/jvm/java-1.5.0-gcj-4.8-amd64/jre --enable-java-home --with-jvm-root-dir=/usr/lib/jvm/java-1.5.0-gcj-4.8-amd64 --with-jvm-jar-dir=/usr/lib/jvm-exports/java-1.5.0-gcj-4.8-amd64 --with-arch-directory=amd64 --with-ecj-jar=/usr/share/java/eclipse-ecj.jar --enable-objc-gc --enable-multiarch --disable-werror --with-arch-32=i686 --with-abi=m64 --with-multilib-list=m32,m64,mx32 --with-tune=generic --enable-checking=release --build=x86_64-linux-gnu --host=x86_64-linux-gnu --target=x86_64-linux-gnu
Thread model: posix
gcc version 4.8.4 (Ubuntu 4.8.4-2ubuntu1~14.04.1) 
configure:2935: $? = 0
configure:2924: gcc -V >&5
gcc: error: unrecognized command line option '-V'
gcc: fatal error: no input files
compilation terminated.
configure:2935: $? = 4
configure:2924: gcc -qversion >&5
gcc: error: unrecognized command line option '-qversion'
gcc: fatal error: no input files
compilation terminated.
configure:2935: $? = 4
configure:2955: checking whether the C compiler works
configure:2977: gcc    conftest.c  >&5
configure:2981: $? = 0
configure:3029: result: yes
configure:3032: checking for C compiler default output file name
configure:3034: result: a.out
configure:3040: checking for suffix of executables
configure:3047: gcc -o conftest    conftest.c  >&5
configure:3051: $? = 0
configure:3073: result: 
configure:3095: checking whether we are cross compiling
configure:3103: gcc -o conftest    conftest.c  >&5
configure:3107: $? = 0
configure:3114: ./conftest
configure:3118: $? = 0
configure:3133: result: no
configure:3138: checking for suffix of object files
configure:3160: gcc -c   conftest.c >&5
configure:3164: $? = 0
configure:3185: result: o
configure:3189: checking whether we are using the GNU C compiler
configure:3208: gcc -c   conftest.c >&5
configure:3208: $? = 0
configure:3217: result: yes
configure:3226: checking whether gcc accepts -g
configure:3246: gcc -c -g  conftest.c >&5
configure:3246: $? = 0
configure:3287: result: yes
configure:3304: checking for gcc option to accept ISO C89
configure:3367: gcc  -c -g -O2  conftest.c >&5
configure:3367: $? = 0
configure:3380: result: none needed
configure:3411: checking for style of include used by make
configure:3439: result: GNU
configure:3465: checking dependency style of gcc
configure:3576: result: gcc3
configure:3621: checking build system type
configure:3635: result: x86_64-unknown-linux-gnu
configure:3655: checking host system type
configure:3668: result: x86_64-unknown-linux-gnu
configure:3709: checking how to print strings
configure:3736: result: printf
configure:3757: checking for a sed that does not truncate output
configure:3821: result: /bin/sed
configure:3839: checking for grep that handles long lines and -e
configure:3897: result: /bin/grep
configure:3902: checking for egrep
configure:3964: result: /bin/grep -E
configure:3969: checking for fgrep
configure:4031: result: /bin/grep -F
configure:4066: checking for ld used by gcc
configure:4133: result: /usr/bin/ld
configure:4140: checking if the linker (/usr/bin/ld) is GNU ld
configure:4155: result: yes
configure:4167: checking for BSD- or MS-compatible name lister (nm)
configure:4216: result: /usr/local/bin/nm -B
configure:4346: checking the name lister (/usr/local/bin/nm -B) interface
configure:4353: gcc -c -g -O2  conftest.c >&5
configure:4356: /usr/local/bin/nm -B "conftest.o"
configure:4359: output
0000000000000000 B some_variable
configure:4366: result: BSD nm
configure:4369: checking whether ln -s works
configure:4373: result: yes
configure:4381: checking the maximum length of command line arguments
configure:4511: result: 1572864
configure:4528: checking whether the shell understands some XSI constructs
configure:4538: result: yes
configure:4542: checking whether the shell understands "+="
configure:4548: result: yes
configure:4583: checking how to convert x86_64-unknown-linux-gnu file names to x86_64-unknown-linux-gnu format
configure:4623: result: func_convert_file_noop
configure:4630: checking how to convert x86_64-unknown-linux-gnu file names to toolchain format
configure:4650: result: func_convert_file_noop
configure:4657: checking for /usr/bin/ld option to reload object files
configure:4664: result: -r
configure:4738: checking for objdump
configure:4754: found /usr/local/bin/objdump
configure:4765: result: objdump
configure:4797: checking how to recognize dependent libraries
configure:4999: result: pass_all
configure:5084: checking for dlltool
configure:5114: result: no
configure:5144: checking how to associate runtime and link libraries
configure:5171: result: printf %s\n
configure:5232: checking for ar
configure:5248: found /usr/local/bin/ar
configure:5259: result: ar
configure:5296: checking for archiver @FILE support
configure:5313: gcc -c -g -O2  conftest.c >&5
configure:5313: $? = 0
configure:5316: ar cru libconftest.a @conftest.lst >&5
configure:5319: $? = 0
configure:5324: ar cru libconftest.a @conftest.lst >&5
ar: conftest.o: No such file or directory
configure:5327: $? = 1
configure:5339: result: @
configure:5397: checking for strip
configure:5413: found /usr/local/bin/strip
configure:5424: result: strip
configure:5496: checking for ranlib
configure:5512: found /usr/local/bin/ranlib
configure:5523: result: ranlib
configure:5625: checking command to parse /usr/local/bin/nm -B output from gcc object
configure:5745: gcc -c -g -O2  conftest.c >&5
configure:5748: $? = 0
configure:5752: /usr/local/bin/nm -B conftest.o \| sed -n -e 's/^.*[ ]\([ABCDGIRSTW][ABCDGIRSTW]*\)[ ][ ]*\([_A-Za-z][_A-Za-z0-9]*\)$/\1 \2 \2/p' | sed '/ __gnu_lto/d' \> conftest.nm
configure:5755: $? = 0
configure:5821: gcc -o conftest -g -O2   conftest.c conftstm.o >&5
configure:5824: $? = 0
configure:5862: result: ok
configure:5899: checking for sysroot
configure:5929: result: no
configure:6006: gcc -c -g -O2  conftest.c >&5
configure:6009: $? = 0
configure:6185: checking for mt
configure:6201: found /bin/mt
configure:6212: result: mt
configure:6235: checking if mt is a manifest tool
configure:6241: mt '-?'
configure:6249: result: no
configure:6891: checking how to run the C preprocessor
configure:6922: gcc -E  conftest.c
configure:6922: $? = 0
configure:6936: gcc -E  conftest.c
conftest.c:11:28: fatal error: ac_nonexistent.h: No such file or directory
 #include <ac_nonexistent.h>
                            ^
compilation terminated.
configure:6936: $? = 1
configure: failed program was:
| /* confdefs.h */
| #define PACKAGE_NAME "hyphen"
| #define PACKAGE_TARNAME "hyphen"
| #define PACKAGE_VERSION "2.8.8"
| #define PACKAGE_STRING "hyphen 2.8.8"
| #define PACKAGE_BUGREPORT "nemeth@numbertext.org"
| #define PACKAGE_URL ""
| #define PACKAGE "hyphen"
| #define VERSION "2.8.8"
| /* end confdefs.h.  */
| #include <ac_nonexistent.h>
configure:6961: result: gcc -E
configure:6981: gcc -E  conftest.c
configure:6981: $? = 0
configure:6995: gcc -E  conftest.c
conftest.c:11:28: fatal error: ac_nonexistent.h: No such file or directory
 #include <ac_nonexistent.h>
                            ^
compilation terminated.
configure:6995: $? = 1
configure: failed program was:
| /* confdefs.h */
| #define PACKAGE_NAME "hyphen"
| #define PACKAGE_TARNAME "hyphen"
| #define PACKAGE_VERSION "2.8.8"
| #define PACKAGE_STRING "hyphen 2.8.8"
| #define PACKAGE_BUGREPORT "nemeth@numbertext.org"
| #define PACKAGE_URL ""
| #define PACKAGE "hyphen"
| #define VERSION "2.8.8"
| /* end confdefs.h.  */
| #include <ac_nonexistent.h>
configure:7024: checking for ANSI C header files
configure:7044: gcc -c -g -O2  conftest.c >&5
configure:7044: $? = 0
configure:7117: gcc -o conftest -g -O2   conftest.c  >&5
configure:7117: $? = 0
configure:7117: ./conftest
configure:7117: $? = 0
configure:7128: result: yes
configure:7141: checking for sys/types.h
configure:7141: gcc -c -g -O2  conftest.c >&5
configure:7141: $? = 0
configure:7141: result: yes
configure:7141: checking for sys/stat.h
configure:7141: gcc -c -g -O2  conftest.c >&5
configure:7141: $? = 0
configure:7141: result: yes
configure:7141: checking for stdlib.h
configure:7141: gcc -c -g -O2  conftest.c >&5
configure:7141: $? = 0
configure:7141: result: yes
configure:7141: checking for string.h
configure:7141: gcc -c -g -O2  conftest.c >&5
configure:7141: $? = 0
configure:7141: result: yes
configure:7141: checking for memory.h
configure:7141: gcc -c -g -O2  conftest.c >&5
configure:7141: $? = 0
configure:7141: result: yes
configure:7141: checking for strings.h
configure:7141: gcc -c -g -O2  conftest.c >&5
configure:7141: $? = 0
configure:7141: result: yes
configure:7141: checking for inttypes.h
configure:7141: gcc -c -g -O2  conftest.c >&5
configure:7141: $? = 0
configure:7141: result: yes
configure:7141: checking for stdint.h
configure:7141: gcc -c -g -O2  conftest.c >&5
configure:7141: $? = 0
configure:7141: result: yes
configure:7141: checking for unistd.h
configure:7141: gcc -c -g -O2  conftest.c >&5
configure:7141: $? = 0
configure:7141: result: yes
configure:7155: checking for dlfcn.h
configure:7155: gcc -c -g -O2  conftest.c >&5
configure:7155: $? = 0
configure:7155: result: yes
configure:7361: checking for objdir
configure:7376: result: .libs
configure:7643: checking if gcc supports -fno-rtti -fno-exceptions
configure:7661: gcc -c -g -O2  -fno-rtti -fno-exceptions conftest.c >&5
cc1: warning: command line option '-fno-rtti' is valid for C++/ObjC++ but not for C [enabled by default]
configure:7665: $? = 0
configure:7678: result: no
configure:8005: checking for gcc option to produce PIC
configure:8012: result: -fPIC -DPIC
configure:8020: checking if gcc PIC flag -fPIC -DPIC works
configure:8038: gcc -c -g -O2  -fPIC -DPIC -DPIC conftest.c >&5
configure:8042: $? = 0
configure:8055: result: yes
configure:8084: checking if gcc static flag -static works
configure:8112: result: yes
configure:8127: checking if gcc supports -c -o file.o
configure:8148: gcc -c -g -O2  -o out/conftest2.o conftest.c >&5
configure:8152: $? = 0
configure:8174: result: yes
configure:8182: checking if gcc supports -c -o file.o
configure:8229: result: yes
configure:8262: checking whether the gcc linker (/usr/bin/ld -m elf_x86_64) supports shared libraries
configure:9415: result: yes
configure:9452: checking whether -lc should be explicitly linked in
configure:9460: gcc -c -g -O2  conftest.c >&5
configure:9463: $? = 0
configure:9478: gcc -shared  -fPIC -DPIC conftest.o  -v -Wl,-soname -Wl,conftest -o conftest 2\>\&1 \| /bin/grep  -lc  \>/dev/null 2\>\&1
configure:9481: $? = 0
configure:9495: result: no
configure:9655: checking dynamic linker characteristics
configure:10166: gcc -o conftest -g -O2   -Wl,-rpath -Wl,/foo conftest.c  >&5
configure:10166: $? = 0
configure:10392: result: GNU/Linux ld.so
configure:10499: checking how to hardcode library paths into programs
configure:10524: result: immediate
configure:11064: checking whether stripping libraries is possible
configure:11069: result: yes
configure:11104: checking if libtool supports shared libraries
configure:11106: result: yes
configure:11109: checking whether to build shared libraries
configure:11130: result: yes
configure:11133: checking whether to build static libraries
configure:11137: result: yes
configure:11343: creating ./config.status

## ---------------------- ##
## Running config.status. ##
## ---------------------- ##

This file was extended by hyphen config.status 2.8.8, which was
generated by GNU Autoconf 2.69.  Invocation command line was

  CONFIG_FILES    = 
  CONFIG_HEADERS  = 
  CONFIG_LINKS    = 
  CONFIG_COMMANDS = 
  $ ./config.status 

on tmac-sgx

config.status:1001: creating Makefile
config.status:1001: creating doc/Makefile
config.status:1001: creating tests/Makefile
config.status:1173: executing depfiles commands
config.status:1173: executing libtool commands

## ---------------- ##
## Cache variables. ##
## ---------------- ##

ac_cv_build=x86_64-unknown-linux-gnu
ac_cv_c_compiler_gnu=yes
ac_cv_env_CC_set=
ac_cv_env_CC_value=
ac_cv_env_CFLAGS_set=
ac_cv_env_CFLAGS_value=
ac_cv_env_CPPFLAGS_set=
ac_cv_env_CPPFLAGS_value=
ac_cv_env_CPP_set=
ac_cv_env_CPP_value=
ac_cv_env_LDFLAGS_set=
ac_cv_env_LDFLAGS_value=
ac_cv_env_LIBS_set=
ac_cv_env_LIBS_value=
ac_cv_env_build_alias_set=
ac_cv_env_build_alias_value=
ac_cv_env_host_alias_set=
ac_cv_env_host_alias_value=
ac_cv_env_target_alias_set=
ac_cv_env_target_alias_value=
ac_cv_header_dlfcn_h=yes
ac_cv_header_inttypes_h=yes
ac_cv_header_memory_h=yes
ac_cv_header_stdc=yes
ac_cv_header_stdint_h=yes
ac_cv_header_stdlib_h=yes
ac_cv_header_string_h=yes
ac_cv_header_strings_h=yes
ac_cv_header_sys_stat_h=yes
ac_cv_header_sys_types_h=yes
ac_cv_header_unistd_h=yes
ac_cv_host=x86_64-unknown-linux-gnu
ac_cv_objext=o
ac_cv_path_EGREP='/bin/grep -E'
ac_cv_path_FGREP='/bin/grep -F'
ac_cv_path_GREP=/bin/grep
ac_cv_path_SED=/bin/sed
ac_cv_path_install='/usr/bin/install -c'
ac_cv_path_mkdir=/bin/mkdir
ac_cv_prog_AWK=gawk
ac_cv_prog_CPP='gcc -E'
ac_cv_prog_ac_ct_AR=ar
ac_cv_prog_ac_ct_CC=gcc
ac_cv_prog_ac_ct_MANIFEST_TOOL=mt
ac_cv_prog_ac_ct_OBJDUMP=objdump
ac_cv_prog_ac_ct_RANLIB=ranlib
ac_cv_prog_ac_ct_STRIP=strip
ac_cv_prog_cc_c89=
ac_cv_prog_cc_g=yes
ac_cv_prog_make_make_set=yes
am_cv_CC_dependencies_compiler_type=gcc3
lt_cv_ar_at_file=@
lt_cv_archive_cmds_need_lc=no
lt_cv_deplibs_check_method=pass_all
lt_cv_file_magic_cmd='$MAGIC_CMD'
lt_cv_file_magic_test_file=
lt_cv_ld_reload_flag=-r
lt_cv_nm_interface='BSD nm'
lt_cv_objdir=.libs
lt_cv_path_LD=/usr/bin/ld
lt_cv_path_NM='/usr/local/bin/nm -B'
lt_cv_path_mainfest_tool=no
lt_cv_prog_compiler_c_o=yes
lt_cv_prog_compiler_pic='-fPIC -DPIC'
lt_cv_prog_compiler_pic_works=yes
lt_cv_prog_compiler_rtti_exceptions=no
lt_cv_prog_compiler_static_works=yes
lt_cv_prog_gnu_ld=yes
lt_cv_sharedlib_from_linklib_cmd='printf %s\n'
lt_cv_shlibpath_overrides_runpath=no
lt_cv_sys_global_symbol_pipe='sed -n -e '\''s/^.*[	 ]\([ABCDGIRSTW][ABCDGIRSTW]*\)[	 ][	 ]*\([_A-Za-z][_A-Za-z0-9]*\)$/\1 \2 \2/p'\'' | sed '\''/ __gnu_lto/d'\'''
lt_cv_sys_global_symbol_to_c_name_address='sed -n -e '\''s/^: \([^ ]*\)[ ]*$/  {\"\1\", (void *) 0},/p'\'' -e '\''s/^[ABCDGIRSTW]* \([^ ]*\) \([^ ]*\)$/  {"\2", (void *) \&\2},/p'\'''
lt_cv_sys_global_symbol_to_c_name_address_lib_prefix='sed -n -e '\''s/^: \([^ ]*\)[ ]*$/  {\"\1\", (void *) 0},/p'\'' -e '\''s/^[ABCDGIRSTW]* \([^ ]*\) \(lib[^ ]*\)$/  {"\2", (void *) \&\2},/p'\'' -e '\''s/^[ABCDGIRSTW]* \([^ ]*\) \([^ ]*\)$/  {"lib\2", (void *) \&\2},/p'\'''
lt_cv_sys_global_symbol_to_cdecl='sed -n -e '\''s/^T .* \(.*\)$/extern int \1();/p'\'' -e '\''s/^[ABCDGIRSTW]* .* \(.*\)$/extern char \1;/p'\'''
lt_cv_sys_max_cmd_len=1572864
lt_cv_to_host_file_cmd=func_convert_file_noop
lt_cv_to_tool_file_cmd=func_convert_file_noop

## ----------------- ##
## Output variables. ##
## ----------------- ##

ACLOCAL='${SHELL} /home/tmac/workspace/sgx-driver/apps/hyphen-2.8.8/missing --run aclocal-1.11'
AMDEPBACKSLASH='\'
AMDEP_FALSE='#'
AMDEP_TRUE=''
AMTAR='$${TAR-tar}'
AR='ar'
AUTOCONF='${SHELL} /home/tmac/workspace/sgx-driver/apps/hyphen-2.8.8/missing --run autoconf'
AUTOHEADER='${SHELL} /home/tmac/workspace/sgx-driver/apps/hyphen-2.8.8/missing --run autoheader'
AUTOMAKE='${SHELL} /home/tmac/workspace/sgx-driver/apps/hyphen-2.8.8/missing --run automake-1.11'
AWK='gawk'
CC='gcc'
CCDEPMODE='depmode=gcc3'
CFLAGS='-g -O2'
CPP='gcc -E'
CPPFLAGS=''
CYGPATH_W='echo'
DEFS='-DPACKAGE_NAME=\"hyphen\" -DPACKAGE_TARNAME=\"hyphen\" -DPACKAGE_VERSION=\"2.8.8\" -DPACKAGE_STRING=\"hyphen\ 2.8.8\" -DPACKAGE_BUGREPORT=\"nemeth@numbertext.org\" -DPACKAGE_URL=\"\" -DPACKAGE=\"hyphen\" -DVERSION=\"2.8.8\" -DSTDC_HEADERS=1 -DHAVE_SYS_TYPES_H=1 -DHAVE_SYS_STAT_H=1 -DHAVE_STDLIB_H=1 -DHAVE_STRING_H=1 -DHAVE_MEMORY_H=1 -DHAVE_STRINGS_H=1 -DHAVE_INTTYPES_H=1 -DHAVE_STDINT_H=1 -DHAVE_UNISTD_H=1 -DHAVE_DLFCN_H=1 -DLT_OBJDIR=\".libs/\"'
DEPDIR='.deps'
DLLTOOL='false'
DSYMUTIL=''
DUMPBIN=''
ECHO_C=''
ECHO_N='-n'
ECHO_T=''
EGREP='/bin/grep -E'
EXEEXT=''
FGREP='/bin/grep -F'
GREP='/bin/grep'
INSTALL_DATA='${INSTALL} -m 644'
INSTALL_PROGRAM='${INSTALL}'
INSTALL_SCRIPT='${INSTALL}'
INSTALL_STRIP_PROGRAM='$(install_sh) -c -s'
LD='/usr/bin/ld -m elf_x86_64'
LDFLAGS=''
LIBOBJS=''
LIBS=''
LIBTOOL='$(SHELL) $(top_builddir)/libtool'
LIPO=''
LN_S='ln -s'
LTLIBOBJS=''
MAKEINFO='${SHELL} /home/tmac/workspace/sgx-driver/apps/hyphen-2.8.8/missing --run makeinfo'
MANIFEST_TOOL=':'
MKDIR_P='/bin/mkdir -p'
NM='/usr/local/bin/nm -B'
NMEDIT=''
OBJDUMP='objdump'
OBJEXT='o'
OTOOL64=''
OTOOL=''
PACKAGE='hyphen'
PACKAGE_BUGREPORT='nemeth@numbertext.org'
PACKAGE_NAME='hyphen'
PACKAGE_STRING='hyphen 2.8.8'
PACKAGE_TARNAME='hyphen'
PACKAGE_URL=''
PACKAGE_VERSION='2.8.8'
PATH_SEPARATOR=':'
RANLIB='ranlib'
SED='/bin/sed'
SET_MAKE=''
SHELL='/bin/bash'
STRIP='strip'
VERSION='2.8.8'
ac_ct_AR='ar'
ac_ct_CC='gcc'
ac_ct_DUMPBIN=''
am__EXEEXT_FALSE=''
am__EXEEXT_TRUE='#'
am__fastdepCC_FALSE='#'
am__fastdepCC_TRUE=''
am__include='include'
am__isrc=''
am__leading_dot='.'
am__nodep='_no'
am__quote=''
am__tar='$${TAR-tar} chof - "$$tardir"'
am__untar='$${TAR-tar} xf -'
bindir='${exec_prefix}/bin'
build='x86_64-unknown-linux-gnu'
build_alias=''
build_cpu='x86_64'
build_os='linux-gnu'
build_vendor='unknown'
datadir='${datarootdir}'
datarootdir='${prefix}/share'
docdir='${datarootdir}/doc/${PACKAGE_TARNAME}'
dvidir='${docdir}'
exec_prefix='${prefix}'
host='x86_64-unknown-linux-gnu'
host_alias=''
host_cpu='x86_64'
host_os='linux-gnu'
host_vendor='unknown'
htmldir='${docdir}'
includedir='${prefix}/include'
infodir='${datarootdir}/info'
install_sh='${SHELL} /home/tmac/workspace/sgx-driver/apps/hyphen-2.8.8/install-sh'
libdir='${exec_prefix}/lib'
libexecdir='${exec_prefix}/libexec'
localedir='${datarootdir}/locale'
localstatedir='${prefix}/var'
mandir='${datarootdir}/man'
mkdir_p='/bin/mkdir -p'
oldincludedir='/usr/include'
pdfdir='${docdir}'
prefix='/usr/local'
program_transform_name='s,x,x,'
psdir='${docdir}'
sbindir='${exec_prefix}/sbin'
sharedstatedir='${prefix}/com'
sysconfdir='${prefix}/etc'
target_alias=''

## ----------- ##
## confdefs.h. ##
## ----------- ##

/* confdefs.h */
#define PACKAGE_NAME "hyphen"
#define PACKAGE_TARNAME "hyphen"
#define PACKAGE_VERSION "2.8.8"
#define PACKAGE_STRING "hyphen 2.8.8"
#define PACKAGE_BUGREPORT "nemeth@numbertext.org"
#define PACKAGE_URL ""
#define PACKAGE "hyphen"
#define VERSION "2.8.8"
#define STDC_HEADERS 1
#define HAVE_SYS_TYPES_H 1
#define HAVE_SYS_STAT_H 1
#define HAVE_STDLIB_H 1
#define HAVE_STRING_H 1
#define HAVE_MEMORY_H 1
#define HAVE_STRINGS_H 1
#define HAVE_INTTYPES_H 1
#define HAVE_STDINT_H 1
#define HAVE_UNISTD_H 1
#define HAVE_DLFCN_H 1
#define LT_OBJDIR ".libs/"

configure: exit 0
